<?xml version="1.0" encoding="UTF-8"?>
<!-- Generated by org.testng.reporters.JUnitReportReporter -->
<testsuite hostname="DESKTOP-P881DBN" failures="0" tests="1" name="TestNG.saucedemo1" time="16.077" errors="0" timestamp="2022-12-20T21:29:55 IST" skipped="0">
  <testcase classname="TestNG.saucedemo1" name="saucedemoTitle" time="16.077"/>
  <system-out/>
</testsuite> <!-- TestNG.saucedemo1 -->
