<?xml version="1.0" encoding="UTF-8"?>
<!-- Generated by org.testng.reporters.JUnitReportReporter -->
<testsuite hostname="DESKTOP-P881DBN" failures="0" tests="4" name="TestNG.DataProvider1" time="0.021" errors="0" timestamp="2022-12-24T19:38:34 IST" skipped="0">
  <testcase classname="TestNG.DataProvider1" name="dataTest" time="0.002"/>
  <system-out/>
  <testcase classname="TestNG.DataProvider1" name="dataTest" time="0.003"/>
  <system-out/>
  <testcase classname="TestNG.DataProvider1" name="dataTest" time="0.005"/>
  <system-out/>
  <testcase classname="TestNG.DataProvider1" name="dataTest" time="0.011"/>
  <system-out/>
</testsuite> <!-- TestNG.DataProvider1 -->
