<?xml version="1.0" encoding="UTF-8"?>
<!-- Generated by org.testng.reporters.JUnitReportReporter -->
<testsuite hostname="DESKTOP-P881DBN" failures="0" tests="4" name="TestNG.DataProvider2" time="54.622" errors="0" timestamp="2022-12-24T19:50:11 IST" skipped="0">
  <testcase classname="TestNG.DataProvider2" name="LoginTest" time="12.793"/>
  <system-out/>
  <testcase classname="TestNG.DataProvider2" name="LoginTest" time="13.033"/>
  <system-out/>
  <testcase classname="TestNG.DataProvider2" name="LoginTest" time="16.457"/>
  <system-out/>
  <testcase classname="TestNG.DataProvider2" name="LoginTest" time="12.339"/>
  <system-out/>
</testsuite> <!-- TestNG.DataProvider2 -->
