<?xml version="1.0" encoding="UTF-8"?>
<!-- Generated by org.testng.reporters.JUnitReportReporter -->
<testsuite hostname="DESKTOP-P881DBN" failures="0" tests="2" name="TestNG.emailable_report" time="0.026" errors="0" timestamp="2022-12-22T21:01:00 IST" skipped="0">
  <testcase classname="TestNG.emailable_report" name="googleTitleText" time="0.023"/>
  <system-out>
    <![CDATA[Running test 1]]>
  </system-out>
  <testcase classname="TestNG.emailable_report" name="searchText" time="0.003"/>
  <system-out>
    <![CDATA[Running Test 2]]>
  </system-out>
</testsuite> <!-- TestNG.emailable_report -->
