<?xml version="1.0" encoding="UTF-8"?>
<!-- Generated by org.testng.reporters.JUnitReportReporter -->
<testsuite hostname="DESKTOP-P881DBN" failures="0" tests="2" name="TestNG.TestNG2" time="4.316" errors="0" timestamp="2022-12-20T23:49:08 IST" skipped="0">
  <testcase classname="TestNG.TestNG2" name="m1" time="4.315"/>
  <system-out>
    <![CDATA[Test case1]]>
  </system-out>
  <testcase classname="TestNG.TestNG2" name="m2" time="0.001"/>
  <system-out>
    <![CDATA[Test Case2]]>
  </system-out>
</testsuite> <!-- TestNG.TestNG2 -->
