<?xml version="1.0" encoding="UTF-8"?>
<!-- Generated by org.testng.reporters.JUnitReportReporter -->
<testsuite hostname="DESKTOP-P881DBN" failures="0" tests="4" name="TestNG.TestNG_Groups" time="0.067" errors="0" timestamp="2022-12-22T20:36:14 IST" skipped="0">
  <testcase classname="TestNG.TestNG_Groups" name="Test3" time="0.004"/>
  <system-out/>
  <testcase classname="TestNG.TestNG_Groups" name="Test2" time="0.005"/>
  <system-out/>
  <testcase classname="TestNG.TestNG_Groups" name="Test1" time="0.054"/>
  <system-out/>
  <testcase classname="TestNG.TestNG_Groups" name="Test4" time="0.004"/>
  <system-out/>
</testsuite> <!-- TestNG.TestNG_Groups -->
