<?xml version="1.0" encoding="UTF-8"?>
<!-- Generated by org.testng.reporters.JUnitReportReporter -->
<testsuite hostname="DESKTOP-P881DBN" failures="0" tests="1" name="TestNG.TestNG_ExceptionHandle" time="0.020" errors="0" timestamp="2022-12-22T20:49:47 IST" skipped="0">
  <testcase classname="TestNG.TestNG_ExceptionHandle" name="m1" time="0.020"/>
  <system-out/>
</testsuite> <!-- TestNG.TestNG_ExceptionHandle -->
