<?xml version="1.0" encoding="UTF-8"?>
<!-- Generated by org.testng.reporters.JUnitReportReporter -->
<testsuite hostname="DESKTOP-P881DBN" failures="0" tests="2" name="ParallelTesting.parallelTesting1" time="28.050" errors="0" timestamp="2022-12-23T21:46:26 IST" skipped="0">
  <testcase classname="ParallelTesting.parallelTesting1" name="module1" time="11.884"/>
  <system-out/>
  <testcase classname="ParallelTesting.parallelTesting1" name="Module2" time="16.166"/>
  <system-out/>
</testsuite> <!-- ParallelTesting.parallelTesting1 -->
