<?xml version="1.0" encoding="UTF-8"?>
<!-- Generated by org.testng.reporters.JUnitReportReporter -->
<testsuite hostname="DESKTOP-P881DBN" failures="0" tests="3" name="TestNG.TestNGAnnotations" time="0.130" errors="0" timestamp="2022-12-21T21:12:07 IST" skipped="0">
  <testcase classname="TestNG.TestNGAnnotations" name="googleTitle" time="0.082"/>
  <system-out/>
  <testcase classname="TestNG.TestNGAnnotations" name="serchText" time="0.025"/>
  <system-out/>
  <testcase classname="TestNG.TestNGAnnotations" name="googleLogo" time="0.023"/>
  <system-out/>
</testsuite> <!-- TestNG.TestNGAnnotations -->
