<?xml version="1.0" encoding="UTF-8"?>
<!-- Generated by org.testng.reporters.JUnitReportReporter -->
<testsuite hostname="DESKTOP-P881DBN" failures="0" tests="1" name="CrossBrowserTesting.ParameterTest" time="19.426" errors="0" timestamp="2022-12-24T19:16:28 IST" skipped="0">
  <testcase classname="CrossBrowserTesting.ParameterTest" name="loginPage" time="19.426"/>
  <system-out/>
</testsuite> <!-- CrossBrowserTesting.ParameterTest -->
