<?xml version="1.0" encoding="UTF-8"?>
<!-- Generated by org.testng.reporters.JUnitReportReporter -->
<testsuite hostname="DESKTOP-P881DBN" failures="0" tests="5" name="TestNG.invocationcount" time="0.063" errors="0" timestamp="2022-12-21T22:00:09 IST" skipped="0">
  <testcase classname="TestNG.invocationcount" name="m1" time="0.003"/>
  <system-out/>
  <testcase classname="TestNG.invocationcount" name="m1" time="0.002"/>
  <system-out/>
  <testcase classname="TestNG.invocationcount" name="m1" time="0.005"/>
  <system-out/>
  <testcase classname="TestNG.invocationcount" name="m1" time="0.047"/>
  <system-out/>
  <testcase classname="TestNG.invocationcount" name="m1" time="0.006"/>
  <system-out/>
</testsuite> <!-- TestNG.invocationcount -->
