<?xml version="1.0" encoding="UTF-8"?>
<!-- Generated by org.testng.reporters.JUnitReportReporter -->
<testsuite hostname="DESKTOP-P881DBN" failures="0" tests="1" name="ParallelTesting.parallelTesting2" time="66.307" errors="0" timestamp="2022-12-23T21:46:26 IST" skipped="0">
  <testcase classname="ParallelTesting.parallelTesting2" name="module1" time="66.307"/>
  <system-out/>
</testsuite> <!-- ParallelTesting.parallelTesting2 -->
