<?xml version="1.0" encoding="UTF-8"?>
<!-- Generated by org.testng.reporters.JUnitReportReporter -->
<testsuite hostname="DESKTOP-P881DBN" failures="0" tests="3" name="TestNG.testNG_EnableKeyword" time="29.539" errors="0" timestamp="2022-12-21T21:39:53 IST" skipped="1">
  <testcase classname="TestNG.testNG_EnableKeyword" name="loginpageTitle" time="15.497"/>
  <system-out/>
  <testcase classname="TestNG.testNG_EnableKeyword" name="loginData" time="14.042"/>
  <system-out/>
  <testcase classname="TestNG.testNG_EnableKeyword" name="gettext">
    <skipped/>
  </testcase> <!-- gettext -->
  <system-out/>
</testsuite> <!-- TestNG.testNG_EnableKeyword -->
