<?xml version="1.0" encoding="UTF-8"?>
<!-- Generated by org.testng.reporters.JUnitReportReporter -->
<testsuite hostname="DESKTOP-P881DBN" failures="0" tests="6" name="TestNG.TestNG_dependsOnMethods1" time="38.878" errors="0" timestamp="2022-12-22T20:22:28 IST" skipped="0">
  <testcase classname="TestNG.TestNG_dependsOnMethods1" name="saucedemoTitle" time="19.657"/>
  <system-out/>
  <testcase classname="TestNG.TestNG_dependsOnMethods1" name="addTOCart" time="3.108"/>
  <system-out/>
  <testcase classname="TestNG.TestNG_dependsOnMethods1" name="saucedemogetText" time="4.013"/>
  <system-out/>
  <testcase classname="TestNG.TestNG_dependsOnMethods1" name="saucedeomloginTest" time="5.913"/>
  <system-out/>
  <testcase classname="TestNG.TestNG_dependsOnMethods1" name="test1" time="3.038"/>
  <system-out/>
  <testcase classname="TestNG.TestNG_dependsOnMethods1" name="test2" time="3.149"/>
  <system-out/>
</testsuite> <!-- TestNG.TestNG_dependsOnMethods1 -->
