<?xml version="1.0" encoding="UTF-8"?>
<!-- Generated by org.testng.reporters.JUnitReportReporter -->
<testsuite hostname="DESKTOP-P881DBN" failures="0" tests="3" name="CrossBrowserTesting.Crossbrowser1" time="109.178" errors="0" timestamp="2022-12-24T18:59:16 IST" skipped="0">
  <testcase classname="CrossBrowserTesting.Crossbrowser1" name="login" time="33.337"/>
  <system-out/>
  <testcase classname="CrossBrowserTesting.Crossbrowser1" name="login" time="35.542"/>
  <system-out/>
  <testcase classname="CrossBrowserTesting.Crossbrowser1" name="login" time="40.299"/>
  <system-out/>
</testsuite> <!-- CrossBrowserTesting.Crossbrowser1 -->
