<?xml version="1.0" encoding="UTF-8"?>
<!-- Generated by org.testng.reporters.JUnitReportReporter -->
<testsuite hostname="DESKTOP-P881DBN" failures="0" tests="5" name="Demo.TestNG" time="22.421" errors="0" timestamp="2022-12-20T23:16:30 IST" skipped="0">
  <testcase classname="Demo.TestNG" name="kitelogoTest" time="3.530"/>
  <system-out/>
  <testcase classname="Demo.TestNG" name="test3" time="3.713"/>
  <system-out/>
  <testcase classname="Demo.TestNG" name="test2" time="3.128"/>
  <system-out/>
  <testcase classname="Demo.TestNG" name="test1" time="8.641"/>
  <system-out/>
  <testcase classname="Demo.TestNG" name="forgetlink" time="3.409"/>
  <system-out/>
</testsuite> <!-- Demo.TestNG -->
