<?xml version="1.0" encoding="UTF-8"?>
<!-- Generated by org.testng.reporters.JUnitReportReporter -->
<testsuite hostname="DESKTOP-P881DBN" failures="0" tests="5" name="TestNG.TestNGPriorites" time="71.674" errors="0" timestamp="2022-12-21T21:24:19 IST" skipped="0">
  <testcase classname="TestNG.TestNGPriorites" name="saucedeomloginTest" time="15.720"/>
  <system-out/>
  <testcase classname="TestNG.TestNGPriorites" name="test1" time="11.757"/>
  <system-out/>
  <testcase classname="TestNG.TestNGPriorites" name="saucedemogetText" time="13.876"/>
  <system-out/>
  <testcase classname="TestNG.TestNGPriorites" name="test2" time="12.519"/>
  <system-out/>
  <testcase classname="TestNG.TestNGPriorites" name="saucedemoTitle" time="17.802"/>
  <system-out/>
</testsuite> <!-- TestNG.TestNGPriorites -->
