<?xml version="1.0" encoding="UTF-8"?>
<!-- Generated by org.testng.reporters.JUnitReportReporter -->
<testsuite hostname="DESKTOP-P881DBN" failures="0" tests="4" name="TestNG.DependsOnmethod" time="0.055" errors="0" timestamp="2022-12-21T21:51:32 IST" skipped="0">
  <testcase classname="TestNG.DependsOnmethod" name="loginTest" time="0.017"/>
  <system-out/>
  <testcase classname="TestNG.DependsOnmethod" name="regTest" time="0.026"/>
  <system-out/>
  <testcase classname="TestNG.DependsOnmethod" name="searchpage" time="0.010"/>
  <system-out/>
  <testcase classname="TestNG.DependsOnmethod" name="homePage" time="0.002"/>
  <system-out/>
</testsuite> <!-- TestNG.DependsOnmethod -->
